#
# There is insufficient memory for the Java Runtime Environment to continue.
# Native memory allocation (malloc) failed to allocate 1048576 bytes for AllocateHeap
# Possible reasons:
#   The system is out of physical RAM or swap space
#   The process is running with CompressedOops enabled, and the Java Heap may be blocking the growth of the native heap
# Possible solutions:
#   Reduce memory load on the system
#   Increase physical memory or swap space
#   Check if swap backing store is full
#   Decrease Java heap size (-Xmx/-Xms)
#   Decrease number of Java threads
#   Decrease Java thread stack sizes (-Xss)
#   Set larger code cache with -XX:ReservedCodeCacheSize=
#   JVM is running with Zero Based Compressed Oops mode in which the Java heap is
#     placed in the first 32GB address space. The Java Heap base address is the
#     maximum limit for the native heap growth. Please use -XX:HeapBaseMinAddress
#     to set the Java Heap base and to place the Java Heap above 32GB virtual address.
# This output file may be truncated or incomplete.
#
#  Out of Memory Error (memory/allocation.inline.hpp:61), pid=143888, tid=0x0000000000022cbc
#
# JRE version:  (8.0_202-b08) (build )
# Java VM: Java HotSpot(TM) 64-Bit Server VM (25.202-b08 mixed mode windows-amd64 compressed oops)
# Failed to write core dump. Minidumps are not enabled by default on client versions of Windows
#

---------------  T H R E A D  ---------------

Current thread (0x0000000002a9e000):  JavaThread "Unknown thread" [_thread_in_vm, id=142524, stack(0x00000000028f0000,0x00000000029f0000)]

Stack: [0x00000000028f0000,0x00000000029f0000]
[error occurred during error reporting (printing stack bounds), id 0xc0000005]

Native frames: (J=compiled Java code, j=interpreted, Vv=VM code, C=native code)


---------------  P R O C E S S  ---------------

Java Threads: ( => current thread )

Other Threads:

=>0x0000000002a9e000 (exited) JavaThread "Unknown thread" [_thread_in_vm, id=142524, stack(0x00000000028f0000,0x00000000029f0000)]

VM state:not at safepoint (normal execution)

VM Mutex/Monitor currently owned by a thread: None

heap address: 0x00000006c2200000, size: 4062 MB, Compressed Oops mode: Zero based, Oop shift amount: 3
Narrow klass base: 0x0000000000000000, Narrow klass shift: 3
Compressed class space size: 1073741824 Address: 0x00000007c0000000

Heap:
 PSYoungGen      total 75776K, used 1300K [0x000000076b600000, 0x0000000770a80000, 0x00000007c0000000)
  eden space 65024K, 2% used [0x000000076b600000,0x000000076b7451f8,0x000000076f580000)
  from space 10752K, 0% used [0x0000000770000000,0x0000000770000000,0x0000000770a80000)
  to   space 10752K, 0% used [0x000000076f580000,0x000000076f580000,0x0000000770000000)
 ParOldGen       total 173568K, used 0K [0x00000006c2200000, 0x00000006ccb80000, 0x000000076b600000)
  object space 173568K, 0% used [0x00000006c2200000,0x00000006c2200000,0x00000006ccb80000)
 Metaspace       used 775K, capacity 4480K, committed 4480K, reserved 1056768K
  class space    used 76K, capacity 384K, committed 384K, reserved 1048576K

Card table byte_map: [0x0000000012490000,0x0000000012c80000] byte_map_base: 0x000000000ee7f000

Marking Bits: (ParMarkBitMap*) 0x0000000077d65ce0
 Begin Bits: [0x00000000139d0000, 0x0000000017948000)
 End Bits:   [0x0000000017948000, 0x000000001b8c0000)

Polling page: 0x0000000000f70000

CodeCache: size=245760Kb used=328Kb max_used=328Kb free=245431Kb
 bounds [0x00000000030d0000, 0x0000000003340000, 0x00000000120d0000]
 total_blobs=58 nmethods=0 adapters=38
 compilation: enabled

Compilation events (0 events):
No events

GC Heap History (0 events):
No events

Deoptimization events (0 events):
No events

Classes redefined (0 events):
No events

Internal exceptions (0 events):
No events

Events (10 events):
Event: 0.030 loading class java/lang/Short
Event: 0.030 loading class java/lang/Short done
Event: 0.030 loading class java/lang/Integer
Event: 0.030 loading class java/lang/Integer done
Event: 0.030 loading class java/lang/Long
Event: 0.030 loading class java/lang/Long done
Event: 0.032 loading class java/lang/NullPointerException
Event: 0.032 loading class java/lang/NullPointerException done
Event: 0.032 loading class java/lang/ArithmeticException
Event: 0.032 loading class java/lang/ArithmeticException done


Dynamic libraries:
0x00007ff77c400000 - 0x00007ff77c437000 	C:\Program Files\Java\jdk1.8.0_202\bin\java.exe
0x00007ffc53150000 - 0x00007ffc53345000 	C:\Windows\SYSTEM32\ntdll.dll
0x00007ffc519e0000 - 0x00007ffc51a9d000 	C:\Windows\System32\KERNEL32.DLL
0x00007ffc508c0000 - 0x00007ffc50b88000 	C:\Windows\System32\KERNELBASE.dll
0x00007ffc4df10000 - 0x00007ffc4dfa0000 	C:\Windows\SYSTEM32\apphelp.dll
0x00007ffc529f0000 - 0x00007ffc52a9c000 	C:\Windows\System32\ADVAPI32.dll
0x00007ffc51aa0000 - 0x00007ffc51b3e000 	C:\Windows\System32\msvcrt.dll
0x00007ffc51f10000 - 0x00007ffc51fab000 	C:\Windows\System32\sechost.dll
0x00007ffc513c0000 - 0x00007ffc514eb000 	C:\Windows\System32\RPCRT4.dll
0x00007ffc511f0000 - 0x00007ffc51390000 	C:\Windows\System32\USER32.dll
0x00007ffc50890000 - 0x00007ffc508b2000 	C:\Windows\System32\win32u.dll
0x00007ffc51390000 - 0x00007ffc513ba000 	C:\Windows\System32\GDI32.dll
0x00007ffc50c20000 - 0x00007ffc50d2b000 	C:\Windows\System32\gdi32full.dll
0x00007ffc50d30000 - 0x00007ffc50dcd000 	C:\Windows\System32\msvcp_win.dll
0x00007ffc50dd0000 - 0x00007ffc50ed0000 	C:\Windows\System32\ucrtbase.dll
0x00007ffc3b5c0000 - 0x00007ffc3b85a000 	C:\Windows\WinSxS\amd64_microsoft.windows.common-controls_6595b64144ccf1df_6.0.19041.844_none_ca00b6081b84eb1d\COMCTL32.dll
0x00007ffc511b0000 - 0x00007ffc511e0000 	C:\Windows\System32\IMM32.DLL
0x00007ffc32940000 - 0x00007ffc32962000 	C:\Program Files\Topsec\EndpointPlantform\HookModule64\ModuleLoader64.dll
0x0000000050640000 - 0x0000000050712000 	C:\Program Files\Java\jdk1.8.0_202\jre\bin\msvcr100.dll
0x0000000077540000 - 0x0000000077de5000 	C:\Program Files\Java\jdk1.8.0_202\jre\bin\server\jvm.dll
0x00007ffc511e0000 - 0x00007ffc511e8000 	C:\Windows\System32\PSAPI.DLL
0x00007ffc49880000 - 0x00007ffc49889000 	C:\Windows\SYSTEM32\WSOCK32.dll
0x00007ffc51db0000 - 0x00007ffc51e1b000 	C:\Windows\System32\WS2_32.dll
0x00007ffc4ac60000 - 0x00007ffc4ac6a000 	C:\Windows\SYSTEM32\VERSION.dll
0x00007ffc40b40000 - 0x00007ffc40b67000 	C:\Windows\SYSTEM32\WINMM.dll
0x00007ffc4de20000 - 0x00007ffc4de2f000 	C:\Program Files\Java\jdk1.8.0_202\jre\bin\verify.dll
0x00007ffc38150000 - 0x00007ffc38179000 	C:\Program Files\Java\jdk1.8.0_202\jre\bin\java.dll
0x00007ffc2e9d0000 - 0x00007ffc2e9f3000 	C:\Program Files\Java\jdk1.8.0_202\jre\bin\instrument.dll
0x00007ffc3bbf0000 - 0x00007ffc3bc06000 	C:\Program Files\Java\jdk1.8.0_202\jre\bin\zip.dll

VM Arguments:
jvm_args: -javaagent:E:\install\IntelliJ IDEA 2020.3.2\lib\idea_rt.jar=56890:E:\install\IntelliJ IDEA 2020.3.2\bin -Dfile.encoding=UTF-8 
java_command: com.supaur.framework.pageObjectConfig.PageObjectAutoCode
java_class_path (initial): C:\Program Files\Java\jdk1.8.0_202\jre\lib\charsets.jar;C:\Program Files\Java\jdk1.8.0_202\jre\lib\deploy.jar;C:\Program Files\Java\jdk1.8.0_202\jre\lib\ext\access-bridge-64.jar;C:\Program Files\Java\jdk1.8.0_202\jre\lib\ext\cldrdata.jar;C:\Program Files\Java\jdk1.8.0_202\jre\lib\ext\dnsns.jar;C:\Program Files\Java\jdk1.8.0_202\jre\lib\ext\jaccess.jar;C:\Program Files\Java\jdk1.8.0_202\jre\lib\ext\jfxrt.jar;C:\Program Files\Java\jdk1.8.0_202\jre\lib\ext\localedata.jar;C:\Program Files\Java\jdk1.8.0_202\jre\lib\ext\nashorn.jar;C:\Program Files\Java\jdk1.8.0_202\jre\lib\ext\sunec.jar;C:\Program Files\Java\jdk1.8.0_202\jre\lib\ext\sunjce_provider.jar;C:\Program Files\Java\jdk1.8.0_202\jre\lib\ext\sunmscapi.jar;C:\Program Files\Java\jdk1.8.0_202\jre\lib\ext\sunpkcs11.jar;C:\Program Files\Java\jdk1.8.0_202\jre\lib\ext\zipfs.jar;C:\Program Files\Java\jdk1.8.0_202\jre\lib\javaws.jar;C:\Program Files\Java\jdk1.8.0_202\jre\lib\jce.jar;C:\Program Files\Java\jdk1.8.0_202\jre\lib\jfr.jar;C:\Program Files\Java\jdk1.8.0_202\jre\lib\jfxswt.jar;C:\Program Files\Java\jdk1.8.0_202\jre\lib\jsse.jar;C:\Program Files\Java\jdk1.8.0_202\jre\lib\management-agent.jar;C:\Program Files\Java\jdk1.8.0_202\jre\lib\plugin.jar;C:\Program Files\Java\jdk1.8.0_202\jre\lib\resources.jar;C:\Program Files\Java\jdk1.8.0_202\jre\lib\rt.jar;E:\study\WebTest\target\classes;E:\apache-maven-3.8.1\localfactory\org\springframework\boot\spring-boot-starter-web\2.0.5.RELEASE\spring-boot-starter-web-2.0.5.RELEASE.jar;E:\apache-maven-3.8.1\localfactory\org\springframework\boot\spring-boot-starter\2.0.5.RELEASE\spring-boot-starter-2.0.5.RELEASE.jar;E:\apache-maven-3.8.1\localfactory\org\springframework\boot\spring-boot\2.0.5.RELEASE\spring-boot-2.0.5.RELEASE.jar;E:\apache-maven-3.8.1\localfactory\org\springframework\boot\spring-boot-autoconfigure\2.0.5.RELEASE\spring-boot-autoconfigure-2.0.5.RELEASE.jar;E:\apache-maven-3.8.1\localfactory\org\springframework\boot\spring-boot-starter-loggi
Launcher Type: SUN_STANDARD

Environment Variables:
JAVA_HOME=C:\Program Files\Java\jdk1.8.0_202
PATH=C:\Program Files (x86)\Common Files\Oracle\Java\javapath;C:\Windows\system32;C:\Windows;C:\Windows\System32\Wbem;C:\Windows\System32\WindowsPowerShell\v1.0\;C:\Windows\System32\OpenSSH\;E:\install\;"C:\Program Files\Java\jdk1.8.0_202\bin;C:\Program Files\Java\jdk1.8.0_202\jre\bin";E:\install\Git\cmd;C:\Users\sps-5063\AppData\Local\Microsoft\WindowsApps;
USERNAME=sps-5063
OS=Windows_NT
PROCESSOR_IDENTIFIER=Intel64 Family 6 Model 158 Stepping 9, GenuineIntel



---------------  S Y S T E M  ---------------

OS: Windows 10.0 , 64 bit Build 19041 (10.0.19041.928)

CPU:total 8 (initial active 8) (4 cores per cpu, 2 threads per core) family 6 model 158 stepping 9, cmov, cx8, fxsr, mmx, sse, sse2, sse3, ssse3, sse4.1, sse4.2, popcnt, avx, avx2, aes, clmul, erms, rtm, 3dnowpref, lzcnt, ht, tsc, tscinvbit, bmi1, bmi2, adx

Memory: 4k page, physical 16637820k(1503228k free), swap 34594552k(5136k free)

vm_info: Java HotSpot(TM) 64-Bit Server VM (25.202-b08) for windows-amd64 JRE (1.8.0_202-b08), built on Dec 15 2018 19:54:30 by "java_re" with MS VC++ 10.0 (VS2010)

time: Tue May 25 18:07:29 2021
timezone: 中国标准时间
elapsed time: 0 seconds (0d 0h 0m 0s)

